<?xml version="1.0" encoding="UTF-8"?>
<!-- Generated by org.testng.reporters.JUnitReportReporter -->
<testsuite hostname="DESKTOP-96NUCQ1" failures="0" tests="1" name="tests.DataDrivenTest" time="55.584" errors="0" timestamp="2023-07-07T15:07:49 IST" skipped="0">
  <testcase classname="tests.DataDrivenTest" name="saucePageLogin" time="55.584"/>
  <system-out/>
</testsuite> <!-- tests.DataDrivenTest -->
